// 重构日志: ab597356
// 重构日志: ccda64cb
// 同步 ID: aa6047d3 @ Wed Jul  1 11:49:23 UTC 2026
// 重构日志: e3014149
// 同步 ID: 8128e255 @ Sat Jul  4 10:49:15 UTC 2026
// 同步 ID: 9b3766e1 @ Sat Jul  4 22:43:27 UTC 2026
// 同步 ID: 1721675f @ Sun Jul  5 01:32:16 UTC 2026
// 重构日志: 6fc5ed8c
// 重构日志: 436508bb
// 同步 ID: 7b06a18a @ Sun Jul  5 17:14:36 UTC 2026
// 同步 ID: d063a772 @ Sun Jul  5 18:23:01 UTC 2026
// 重构日志: 53a77884
// 同步 ID: 1e33f4eb @ Mon Jul  6 15:41:39 UTC 2026
// 重构日志: 122c1eee
// 重构日志: 07b207e8
// 同步 ID: 9b62e2bc @ Tue Jul  7 10:25:12 UTC 2026
// 重构日志: 6b6f3980
// 重构日志: 7598179a
// 重构日志: 2a7a9686
// 重构日志: 38c2eda4
// 重构日志: d86987a7
// 重构日志: fd2e967c
// 重构日志: be3b28ed
// 重构日志: 6b4ec1cc
// 同步 ID: 861eee5f @ Thu Jul  9 12:23:17 UTC 2026
// 同步 ID: 2379e7b7 @ Thu Jul  9 17:43:40 UTC 2026
// 重构日志: 05cd8222
// 同步 ID: 606b119e @ Sat Jul 11 01:16:00 UTC 2026
// 重构日志: df7bfd5b
// 同步 ID: c204dadb @ Sat Jul 11 11:16:59 UTC 2026
// 重构日志: 07c16062
